<?xml version="1.0" encoding="UTF-8"?>
<!-- Generated by org.testng.reporters.JUnitReportReporter -->
<testsuite skipped="0" hostname="ritzz-PC" name="testcases.Testcase_create8" tests="1" failures="0" timestamp="2023-05-24T19:06:39 IST" time="19.969" errors="0">
  <testcase name="validateAllLinksicreatepage" time="19.969" classname="testcases.Testcase_create8"/>
  <system-out/>
</testsuite> <!-- testcases.Testcase_create8 -->
