<?xml version="1.0" encoding="UTF-8"?>
<!-- Generated by org.testng.reporters.JUnitReportReporter -->
<testsuite skipped="0" hostname="ritzz-PC" name="testcases.TestCase_search3" tests="1" failures="0" timestamp="2023-05-24T19:06:40 IST" time="44.928" errors="0">
  <testcase name="SearchwithMobile" time="44.928" classname="testcases.TestCase_search3"/>
  <system-out/>
</testsuite> <!-- testcases.TestCase_search3 -->
