<?xml version="1.0" encoding="UTF-8"?>
<!-- Generated by org.testng.reporters.JUnitReportReporter -->
<testsuite skipped="0" hostname="ritzz-PC" name="utilities.Reporting" tests="1" failures="0" timestamp="2023-05-21T18:56:19 IST" time="0.828" errors="0">
  <testcase name="report" time="0.828" classname="utilities.Reporting"/>
  <system-out/>
</testsuite> <!-- utilities.Reporting -->
