<?xml version="1.0" encoding="UTF-8"?>
<!-- Generated by org.testng.reporters.JUnitReportReporter -->
<testsuite skipped="0" hostname="ritzz-PC" name="testcases.Testcase_menuauto1" tests="1" failures="0" timestamp="2023-05-23T17:39:21 IST" time="25.875" errors="0">
  <testcase name="validatingTestSubmenu" time="25.875" classname="testcases.Testcase_menuauto1"/>
  <system-out/>
</testsuite> <!-- testcases.Testcase_menuauto1 -->
