<?xml version="1.0" encoding="UTF-8"?>
<!-- Generated by org.testng.reporters.JUnitReportReporter -->
<testsuite skipped="0" hostname="ritzz-PC" name="testcases.Testcase_image3" tests="1" failures="0" timestamp="2023-05-24T19:06:40 IST" time="41.358" errors="0">
  <testcase name="validateAllLinksImagepage" time="41.358" classname="testcases.Testcase_image3"/>
  <system-out/>
</testsuite> <!-- testcases.Testcase_image3 -->
