<?xml version="1.0" encoding="UTF-8"?>
<!-- Generated by org.testng.reporters.JUnitReportReporter -->
<testsuite skipped="0" hostname="ritzz-PC" name="testcases.Testcase_menuauto2" tests="1" failures="0" timestamp="2023-05-24T00:52:24 IST" time="28.540" errors="0">
  <testcase name="validateAllLinksMenuPage" time="28.540" classname="testcases.Testcase_menuauto2"/>
  <system-out/>
</testsuite> <!-- testcases.Testcase_menuauto2 -->
