<?xml version="1.0" encoding="UTF-8"?>
<!-- Generated by org.testng.reporters.JUnitReportReporter -->
<testsuite skipped="0" hostname="ritzz-PC" name="testcases.Testcase_popup2" tests="1" failures="0" timestamp="2023-05-24T19:06:39 IST" time="51.644" errors="0">
  <testcase name="validateAlert" time="51.644" classname="testcases.Testcase_popup2"/>
  <system-out/>
</testsuite> <!-- testcases.Testcase_popup2 -->
