<?xml version="1.0" encoding="UTF-8"?>
<!-- Generated by org.testng.reporters.JUnitReportReporter -->
<testsuite skipped="0" hostname="ritzz-PC" name="testcases.Testcase_collapse3" tests="1" failures="0" timestamp="2023-05-24T19:06:39 IST" time="20.694" errors="0">
  <testcase name="validateAllLinkscollapsepage" time="20.694" classname="testcases.Testcase_collapse3"/>
  <system-out/>
</testsuite> <!-- testcases.Testcase_collapse3 -->
