<?xml version="1.0" encoding="UTF-8"?>
<!-- Generated by org.testng.reporters.JUnitReportReporter -->
<testsuite skipped="0" hostname="ritzz-PC" name="testcases.Testcase_menu3" tests="1" failures="0" timestamp="2023-05-24T19:06:39 IST" time="18.885" errors="0">
  <testcase name="validatingdotnet" time="18.885" classname="testcases.Testcase_menu3"/>
  <system-out/>
</testsuite> <!-- testcases.Testcase_menu3 -->
