<?xml version="1.0" encoding="UTF-8"?>
<!-- Generated by org.testng.reporters.JUnitReportReporter -->
<testsuite skipped="0" hostname="ritzz-PC" name="testcases.TestCase_collapse1" tests="1" failures="0" timestamp="2023-05-24T19:06:40 IST" time="35.876" errors="0">
  <testcase name="collapseValidate" time="35.876" classname="testcases.TestCase_collapse1"/>
  <system-out/>
</testsuite> <!-- testcases.TestCase_collapse1 -->
