<?xml version="1.0" encoding="UTF-8"?>
<!-- Generated by org.testng.reporters.JUnitReportReporter -->
<testsuite skipped="0" hostname="ritzz-PC" name="testcases.Testcase_Create6" tests="1" failures="0" timestamp="2023-05-24T19:06:39 IST" time="33.768" errors="0">
  <testcase name="cityCheckBox" time="33.768" classname="testcases.Testcase_Create6"/>
  <system-out/>
</testsuite> <!-- testcases.Testcase_Create6 -->
