<?xml version="1.0" encoding="UTF-8"?>
<!-- Generated by org.testng.reporters.JUnitReportReporter -->
<testsuite skipped="0" hostname="ritzz-PC" name="testcases.Testcase_search4" tests="1" failures="0" timestamp="2023-05-24T19:06:40 IST" time="34.156" errors="0">
  <testcase name="validatingAddEmploye" time="34.156" classname="testcases.Testcase_search4"/>
  <system-out/>
</testsuite> <!-- testcases.Testcase_search4 -->
