<?xml version="1.0" encoding="UTF-8"?>
<!-- Generated by org.testng.reporters.JUnitReportReporter -->
<testsuite skipped="0" hostname="ritzz-PC" name="TestCase_1" tests="1" failures="0" timestamp="2023-04-26T10:10:56 IST" time="41.783" errors="0">
  <testcase name="Reg" time="41.783" classname="TestCase_1"/>
  <system-out/>
</testsuite> <!-- TestCase_1 -->
