<?xml version="1.0" encoding="UTF-8"?>
<!-- Generated by org.testng.reporters.JUnitReportReporter -->
<testsuite skipped="0" hostname="ritzz-PC" name="PrallelTest" tests="3" failures="0" timestamp="2023-04-22T00:59:03 IST" time="0.064" errors="0">
  <testcase name="thread3" time="0.016" classname="PrallelTest"/>
  <system-out/>
  <testcase name="thread1" time="0.016" classname="PrallelTest"/>
  <system-out/>
  <testcase name="thread2" time="0.032" classname="PrallelTest"/>
  <system-out/>
</testsuite> <!-- PrallelTest -->
