<?xml version="1.0" encoding="UTF-8"?>
<!-- Generated by org.testng.reporters.JUnitReportReporter -->
<testsuite skipped="0" hostname="ritzz-PC" name="testcases.TestCase_search8" tests="1" failures="0" timestamp="2023-05-24T19:06:39 IST" time="39.472" errors="0">
  <testcase name="validateAllLinkssearchpage" time="39.472" classname="testcases.TestCase_search8"/>
  <system-out/>
</testsuite> <!-- testcases.TestCase_search8 -->
